;  LST file generated by mikroListExporter - v.2.0 
; Date/Time: 7/27/2023 8:41:36 PM
;----------------------------------------------

;Address Opcode 	ASM
0x0000	0x2822      	GOTO       34
_____DoICP:
;__Lib_System.c,6 :: 		
;__Lib_System.c,9 :: 		
0x0003	0x1283      	BCF        STATUS, 5
0x0004	0x1303      	BCF        STATUS, 6
0x0005	0x0855      	MOVF       ___DoICPAddr+1, 0
0x0006	0x008A      	MOVWF      PCLATH
;__Lib_System.c,10 :: 		
0x0007	0x0854      	MOVF       ___DoICPAddr, 0
0x0008	0x0082      	MOVWF      PCL
;__Lib_System.c,12 :: 		
L_end_____DoICP:
0x0009	0x0008      	RETURN
; end of _____DoICP
___CC2DW:
;__Lib_System.c,134 :: 		
;__Lib_System.c,137 :: 		
_CC2D_Loop1:
;__Lib_System.c,139 :: 		
0x000A	0x2003      	CALL       _____DoICP
0x000B	0x118A      	BCF        PCLATH, 3
0x000C	0x120A      	BCF        PCLATH, 4
;__Lib_System.c,141 :: 		
0x000D	0x0080      	MOVWF      INDF
;__Lib_System.c,142 :: 		
0x000E	0x0A84      	INCF       FSR, 1
;__Lib_System.c,143 :: 		
0x000F	0x0AD4      	INCF       ___DoICPAddr, 1
;__Lib_System.c,145 :: 		
0x0010	0x1903      	BTFSC      STATUS, 2
;__Lib_System.c,146 :: 		
0x0011	0x0AD5      	INCF       ___DoICPAddr+1, 1
;__Lib_System.c,147 :: 		
0x0012	0x03F0      	DECF       R0, 1
;__Lib_System.c,149 :: 		
0x0013	0x1D03      	BTFSS      STATUS, 2
;__Lib_System.c,150 :: 		
0x0014	0x280A      	GOTO       _CC2D_Loop1
;__Lib_System.c,152 :: 		
L_end___CC2DW:
0x0015	0x0008      	RETURN
; end of ___CC2DW
_getInput:
;MyProject.c,6 :: 		int getInput(int count){
;MyProject.c,7 :: 		count = ~count;
0x0016	0x1283      	BCF        STATUS, 5
0x0017	0x1303      	BCF        STATUS, 6
0x0018	0x09DA      	COMF       FARG_getInput_count, 1
0x0019	0x09DB      	COMF       FARG_getInput_count+1, 1
;MyProject.c,8 :: 		while(!PORTA.B4);
L_getInput0:
0x001A	0x1A05      	BTFSC      PORTA, 4
0x001B	0x281D      	GOTO       L_getInput1
0x001C	0x281A      	GOTO       L_getInput0
L_getInput1:
;MyProject.c,9 :: 		return count;
0x001D	0x085A      	MOVF       FARG_getInput_count, 0
0x001E	0x00F0      	MOVWF      R0
0x001F	0x085B      	MOVF       FARG_getInput_count+1, 0
0x0020	0x00F1      	MOVWF      R0+1
;MyProject.c,10 :: 		}
L_end_getInput:
0x0021	0x0008      	RETURN
; end of _getInput
_main:
0x0022	0x218E      	CALL       398
;MyProject.c,12 :: 		void main() {
;MyProject.c,13 :: 		TRISB = 0x00;
0x0023	0x1683      	BSF        STATUS, 5
0x0024	0x1303      	BCF        STATUS, 6
0x0025	0x0186      	CLRF       TRISB
;MyProject.c,14 :: 		ADCON1 = 0x07;
0x0026	0x3007      	MOVLW      7
0x0027	0x009F      	MOVWF      ADCON1
;MyProject.c,15 :: 		TRISA.B4 = 1;
0x0028	0x1605      	BSF        TRISA, 4
;MyProject.c,16 :: 		TRISA.B0 = 1;
0x0029	0x1405      	BSF        TRISA, 0
;MyProject.c,17 :: 		TRISC = 0x00;
0x002A	0x0187      	CLRF       TRISC
;MyProject.c,18 :: 		PORTC = 0x00;
0x002B	0x1283      	BCF        STATUS, 5
0x002C	0x0187      	CLRF       PORTC
;MyProject.c,19 :: 		PORTB = 0x00;
0x002D	0x0186      	CLRF       PORTB
;MyProject.c,20 :: 		TRISD = 0x00;
0x002E	0x1683      	BSF        STATUS, 5
0x002F	0x0188      	CLRF       TRISD
;MyProject.c,21 :: 		PORTD = 0x00;
0x0030	0x1283      	BCF        STATUS, 5
0x0031	0x0188      	CLRF       PORTD
;MyProject.c,22 :: 		while(PORTA.B4 == 1);
L_main2:
0x0032	0x1E05      	BTFSS      PORTA, 4
0x0033	0x2835      	GOTO       L_main3
0x0034	0x2832      	GOTO       L_main2
L_main3:
;MyProject.c,23 :: 		while(1){
L_main4:
;MyProject.c,24 :: 		while(PORTA.B4 == 0){
L_main6:
0x0035	0x1A05      	BTFSC      PORTA, 4
0x0036	0x283C      	GOTO       L_main7
;MyProject.c,25 :: 		push_count = 1;
0x0037	0x3001      	MOVLW      1
0x0038	0x00D0      	MOVWF      _push_count
0x0039	0x3000      	MOVLW      0
0x003A	0x00D1      	MOVWF      _push_count+1
;MyProject.c,26 :: 		}
0x003B	0x2835      	GOTO       L_main6
L_main7:
;MyProject.c,27 :: 		while(push_count){
L_main8:
0x003C	0x0850      	MOVF       _push_count, 0
0x003D	0x0451      	IORWF      _push_count+1, 0
0x003E	0x1903      	BTFSC      STATUS, 2
0x003F	0x288F      	GOTO       L_main9
;MyProject.c,28 :: 		PORTC = 0x00;
0x0040	0x0187      	CLRF       PORTC
;MyProject.c,29 :: 		if(PORTA.B0 == 1){
0x0041	0x1C05      	BTFSS      PORTA, 0
0x0042	0x2885      	GOTO       L_main10
;MyProject.c,30 :: 		if(PORTD.B0 == 1 && PORTD.B5 == 1){
0x0043	0x1C08      	BTFSS      PORTD, 0
0x0044	0x285C      	GOTO       L_main13
0x0045	0x1E88      	BTFSS      PORTD, 5
0x0046	0x285C      	GOTO       L_main13
L__main65:
;MyProject.c,31 :: 		PORTD.B5 = 0;
0x0047	0x1288      	BCF        PORTD, 5
;MyProject.c,32 :: 		PORTD.B4 = 1;
0x0048	0x1608      	BSF        PORTD, 4
;MyProject.c,33 :: 		Delay_ms(375);
0x0049	0x3004      	MOVLW      4
0x004A	0x00FB      	MOVWF      R11
0x004B	0x30CF      	MOVLW      207
0x004C	0x00FC      	MOVWF      R12
0x004D	0x3001      	MOVLW      1
0x004E	0x00FD      	MOVWF      R13
L_main14:
0x004F	0x0BFD      	DECFSZ     R13, 1
0x0050	0x284F      	GOTO       L_main14
0x0051	0x0BFC      	DECFSZ     R12, 1
0x0052	0x284F      	GOTO       L_main14
0x0053	0x0BFB      	DECFSZ     R11, 1
0x0054	0x284F      	GOTO       L_main14
0x0055	0x0000      	NOP
0x0056	0x0000      	NOP
;MyProject.c,34 :: 		PORTD.B4 = 0;
0x0057	0x1208      	BCF        PORTD, 4
;MyProject.c,35 :: 		PORTD.B0 = 0;
0x0058	0x1008      	BCF        PORTD, 0
;MyProject.c,36 :: 		PORTD.B2 = 1;
0x0059	0x1508      	BSF        PORTD, 2
;MyProject.c,37 :: 		PORTD.B3 = 1;
0x005A	0x1588      	BSF        PORTD, 3
;MyProject.c,38 :: 		}
0x005B	0x2885      	GOTO       L_main15
L_main13:
;MyProject.c,39 :: 		else if(PORTD.B2 == 1 && PORTD.B3 == 1){
0x005C	0x1D08      	BTFSS      PORTD, 2
0x005D	0x2885      	GOTO       L_main18
0x005E	0x1D88      	BTFSS      PORTD, 3
0x005F	0x2885      	GOTO       L_main18
L__main64:
;MyProject.c,40 :: 		PORTD.B2 = 0;
0x0060	0x1108      	BCF        PORTD, 2
;MyProject.c,41 :: 		PORTD.B1 = 1;
0x0061	0x1488      	BSF        PORTD, 1
;MyProject.c,42 :: 		for(man_state = 0; man_state <= 3; man_state++) Delay_ms(125);
0x0062	0x01D8      	CLRF       _man_state
0x0063	0x01D9      	CLRF       _man_state+1
L_main19:
0x0064	0x3080      	MOVLW      128
0x0065	0x00F0      	MOVWF      R0
0x0066	0x3080      	MOVLW      128
0x0067	0x0659      	XORWF      _man_state+1, 0
0x0068	0x0270      	SUBWF      R0, 0
0x0069	0x1D03      	BTFSS      STATUS, 2
0x006A	0x286D      	GOTO       L__main68
0x006B	0x0858      	MOVF       _man_state, 0
0x006C	0x3C03      	SUBLW      3
L__main68:
0x006D	0x1C03      	BTFSS      STATUS, 0
0x006E	0x2881      	GOTO       L_main20
0x006F	0x3002      	MOVLW      2
0x0070	0x00FB      	MOVWF      R11
0x0071	0x3045      	MOVLW      69
0x0072	0x00FC      	MOVWF      R12
0x0073	0x30A9      	MOVLW      169
0x0074	0x00FD      	MOVWF      R13
L_main22:
0x0075	0x0BFD      	DECFSZ     R13, 1
0x0076	0x2875      	GOTO       L_main22
0x0077	0x0BFC      	DECFSZ     R12, 1
0x0078	0x2875      	GOTO       L_main22
0x0079	0x0BFB      	DECFSZ     R11, 1
0x007A	0x2875      	GOTO       L_main22
0x007B	0x0000      	NOP
0x007C	0x0000      	NOP
0x007D	0x0AD8      	INCF       _man_state, 1
0x007E	0x1903      	BTFSC      STATUS, 2
0x007F	0x0AD9      	INCF       _man_state+1, 1
0x0080	0x2864      	GOTO       L_main19
L_main20:
;MyProject.c,43 :: 		PORTD.B1 = 0;
0x0081	0x1088      	BCF        PORTD, 1
;MyProject.c,44 :: 		PORTD.B0 = 1;
0x0082	0x1408      	BSF        PORTD, 0
;MyProject.c,45 :: 		PORTD.B3 = 0;
0x0083	0x1188      	BCF        PORTD, 3
;MyProject.c,46 :: 		PORTD.B5 = 1;
0x0084	0x1688      	BSF        PORTD, 5
;MyProject.c,47 :: 		}
L_main18:
L_main15:
;MyProject.c,48 :: 		}
L_main10:
;MyProject.c,49 :: 		while(PORTA.B4 == 0){
L_main23:
0x0085	0x1A05      	BTFSC      PORTA, 4
0x0086	0x288E      	GOTO       L_main24
;MyProject.c,50 :: 		if(push_count) push_count = 0;
0x0087	0x0850      	MOVF       _push_count, 0
0x0088	0x0451      	IORWF      _push_count+1, 0
0x0089	0x1903      	BTFSC      STATUS, 2
0x008A	0x288D      	GOTO       L_main25
0x008B	0x01D0      	CLRF       _push_count
0x008C	0x01D1      	CLRF       _push_count+1
L_main25:
;MyProject.c,51 :: 		}
0x008D	0x2885      	GOTO       L_main23
L_main24:
;MyProject.c,52 :: 		}
0x008E	0x283C      	GOTO       L_main8
L_main9:
;MyProject.c,53 :: 		while(!push_count){
L_main26:
0x008F	0x0850      	MOVF       _push_count, 0
0x0090	0x0451      	IORWF      _push_count+1, 0
0x0091	0x1D03      	BTFSS      STATUS, 2
0x0092	0x2953      	GOTO       L_main27
;MyProject.c,54 :: 		PORTC = 0X0F;
0x0093	0x300F      	MOVLW      15
0x0094	0x0087      	MOVWF      PORTC
;MyProject.c,59 :: 		if(PORTD.B0 && PORTD.B5) state = 0;
0x0095	0x1C08      	BTFSS      PORTD, 0
0x0096	0x289C      	GOTO       L_main30
0x0097	0x1E88      	BTFSS      PORTD, 5
0x0098	0x289C      	GOTO       L_main30
L__main63:
0x0099	0x01D2      	CLRF       _state
0x009A	0x01D3      	CLRF       _state+1
0x009B	0x28A4      	GOTO       L_main31
L_main30:
;MyProject.c,60 :: 		else if(PORTD.B2 && PORTD.B3) state = 1;
0x009C	0x1D08      	BTFSS      PORTD, 2
0x009D	0x28A4      	GOTO       L_main34
0x009E	0x1D88      	BTFSS      PORTD, 3
0x009F	0x28A4      	GOTO       L_main34
L__main62:
0x00A0	0x3001      	MOVLW      1
0x00A1	0x00D2      	MOVWF      _state
0x00A2	0x3000      	MOVLW      0
0x00A3	0x00D3      	MOVWF      _state+1
L_main34:
L_main31:
;MyProject.c,61 :: 		switch(state){
0x00A4	0x28B3      	GOTO       L_main35
;MyProject.c,62 :: 		case 0:
L_main37:
;MyProject.c,63 :: 		PORTD = 0x21;
0x00A5	0x3021      	MOVLW      33
0x00A6	0x0088      	MOVWF      PORTD
;MyProject.c,64 :: 		count = 14;
0x00A7	0x300E      	MOVLW      14
0x00A8	0x00CE      	MOVWF      _count
0x00A9	0x3000      	MOVLW      0
0x00AA	0x00CF      	MOVWF      _count+1
;MyProject.c,65 :: 		break;
0x00AB	0x28C3      	GOTO       L_main36
;MyProject.c,66 :: 		case 1:
L_main38:
;MyProject.c,67 :: 		PORTD = 0x0C;
0x00AC	0x300C      	MOVLW      12
0x00AD	0x0088      	MOVWF      PORTD
;MyProject.c,68 :: 		count = 22;
0x00AE	0x3016      	MOVLW      22
0x00AF	0x00CE      	MOVWF      _count
0x00B0	0x3000      	MOVLW      0
0x00B1	0x00CF      	MOVWF      _count+1
;MyProject.c,69 :: 		break;
0x00B2	0x28C3      	GOTO       L_main36
;MyProject.c,70 :: 		}
L_main35:
0x00B3	0x3000      	MOVLW      0
0x00B4	0x0653      	XORWF      _state+1, 0
0x00B5	0x1D03      	BTFSS      STATUS, 2
0x00B6	0x28B9      	GOTO       L__main69
0x00B7	0x3000      	MOVLW      0
0x00B8	0x0652      	XORWF      _state, 0
L__main69:
0x00B9	0x1903      	BTFSC      STATUS, 2
0x00BA	0x28A5      	GOTO       L_main37
0x00BB	0x3000      	MOVLW      0
0x00BC	0x0653      	XORWF      _state+1, 0
0x00BD	0x1D03      	BTFSS      STATUS, 2
0x00BE	0x28C1      	GOTO       L__main70
0x00BF	0x3001      	MOVLW      1
0x00C0	0x0652      	XORWF      _state, 0
L__main70:
0x00C1	0x1903      	BTFSC      STATUS, 2
0x00C2	0x28AC      	GOTO       L_main38
L_main36:
;MyProject.c,71 :: 		for(; count >= 0; count--){
L_main39:
0x00C3	0x3080      	MOVLW      128
0x00C4	0x064F      	XORWF      _count+1, 0
0x00C5	0x00F0      	MOVWF      R0
0x00C6	0x3080      	MOVLW      128
0x00C7	0x0270      	SUBWF      R0, 0
0x00C8	0x1D03      	BTFSS      STATUS, 2
0x00C9	0x28CC      	GOTO       L__main71
0x00CA	0x3000      	MOVLW      0
0x00CB	0x024E      	SUBWF      _count, 0
L__main71:
0x00CC	0x1C03      	BTFSS      STATUS, 0
0x00CD	0x2936      	GOTO       L_main40
;MyProject.c,73 :: 		if(push_count) break;
0x00CE	0x0850      	MOVF       _push_count, 0
0x00CF	0x0451      	IORWF      _push_count+1, 0
0x00D0	0x1903      	BTFSC      STATUS, 2
0x00D1	0x28D3      	GOTO       L_main42
0x00D2	0x2936      	GOTO       L_main40
L_main42:
;MyProject.c,74 :: 		PORTB = count_arr[count];
0x00D3	0x084E      	MOVF       _count, 0
0x00D4	0x00F0      	MOVWF      R0
0x00D5	0x084F      	MOVF       _count+1, 0
0x00D6	0x00F1      	MOVWF      R0+1
0x00D7	0x0DF0      	RLF        R0, 1
0x00D8	0x0DF1      	RLF        R0+1, 1
0x00D9	0x1070      	BCF        R0, 0
0x00DA	0x0870      	MOVF       R0, 0
0x00DB	0x3E20      	ADDLW      _count_arr
0x00DC	0x0084      	MOVWF      FSR
0x00DD	0x0800      	MOVF       INDF, 0
0x00DE	0x0086      	MOVWF      PORTB
;MyProject.c,75 :: 		if(count <= 2 && state == 0) PORTD = 0x11;
0x00DF	0x3080      	MOVLW      128
0x00E0	0x00F0      	MOVWF      R0
0x00E1	0x3080      	MOVLW      128
0x00E2	0x064F      	XORWF      _count+1, 0
0x00E3	0x0270      	SUBWF      R0, 0
0x00E4	0x1D03      	BTFSS      STATUS, 2
0x00E5	0x28E8      	GOTO       L__main72
0x00E6	0x084E      	MOVF       _count, 0
0x00E7	0x3C02      	SUBLW      2
L__main72:
0x00E8	0x1C03      	BTFSS      STATUS, 0
0x00E9	0x28F5      	GOTO       L_main45
0x00EA	0x3000      	MOVLW      0
0x00EB	0x0653      	XORWF      _state+1, 0
0x00EC	0x1D03      	BTFSS      STATUS, 2
0x00ED	0x28F0      	GOTO       L__main73
0x00EE	0x3000      	MOVLW      0
0x00EF	0x0652      	XORWF      _state, 0
L__main73:
0x00F0	0x1D03      	BTFSS      STATUS, 2
0x00F1	0x28F5      	GOTO       L_main45
L__main61:
0x00F2	0x3011      	MOVLW      17
0x00F3	0x0088      	MOVWF      PORTD
0x00F4	0x290A      	GOTO       L_main46
L_main45:
;MyProject.c,76 :: 		else if(count <= 2 && state == 1) PORTD = 0x0A;
0x00F5	0x3080      	MOVLW      128
0x00F6	0x00F0      	MOVWF      R0
0x00F7	0x3080      	MOVLW      128
0x00F8	0x064F      	XORWF      _count+1, 0
0x00F9	0x0270      	SUBWF      R0, 0
0x00FA	0x1D03      	BTFSS      STATUS, 2
0x00FB	0x28FE      	GOTO       L__main74
0x00FC	0x084E      	MOVF       _count, 0
0x00FD	0x3C02      	SUBLW      2
L__main74:
0x00FE	0x1C03      	BTFSS      STATUS, 0
0x00FF	0x290A      	GOTO       L_main49
0x0100	0x3000      	MOVLW      0
0x0101	0x0653      	XORWF      _state+1, 0
0x0102	0x1D03      	BTFSS      STATUS, 2
0x0103	0x2906      	GOTO       L__main75
0x0104	0x3001      	MOVLW      1
0x0105	0x0652      	XORWF      _state, 0
L__main75:
0x0106	0x1D03      	BTFSS      STATUS, 2
0x0107	0x290A      	GOTO       L_main49
L__main60:
0x0108	0x300A      	MOVLW      10
0x0109	0x0088      	MOVWF      PORTD
L_main49:
L_main46:
;MyProject.c,77 :: 		for(i = 0; i < 125; i++){
0x010A	0x01D6      	CLRF       _i
0x010B	0x01D7      	CLRF       _i+1
L_main50:
0x010C	0x3080      	MOVLW      128
0x010D	0x0657      	XORWF      _i+1, 0
0x010E	0x00F0      	MOVWF      R0
0x010F	0x3080      	MOVLW      128
0x0110	0x0270      	SUBWF      R0, 0
0x0111	0x1D03      	BTFSS      STATUS, 2
0x0112	0x2915      	GOTO       L__main76
0x0113	0x307D      	MOVLW      125
0x0114	0x0256      	SUBWF      _i, 0
L__main76:
0x0115	0x1803      	BTFSC      STATUS, 0
0x0116	0x2931      	GOTO       L_main51
;MyProject.c,78 :: 		while(!PORTA.B4){
L_main53:
0x0117	0x1A05      	BTFSC      PORTA, 4
0x0118	0x2923      	GOTO       L_main54
;MyProject.c,79 :: 		push_count = getInput(push_count);
0x0119	0x0850      	MOVF       _push_count, 0
0x011A	0x00DA      	MOVWF      FARG_getInput_count
0x011B	0x0851      	MOVF       _push_count+1, 0
0x011C	0x00DB      	MOVWF      FARG_getInput_count+1
0x011D	0x2016      	CALL       _getInput
0x011E	0x0870      	MOVF       R0, 0
0x011F	0x00D0      	MOVWF      _push_count
0x0120	0x0871      	MOVF       R0+1, 0
0x0121	0x00D1      	MOVWF      _push_count+1
;MyProject.c,80 :: 		}
0x0122	0x2917      	GOTO       L_main53
L_main54:
;MyProject.c,81 :: 		Delay_ms(1);
0x0123	0x3003      	MOVLW      3
0x0124	0x00FC      	MOVWF      R12
0x0125	0x3097      	MOVLW      151
0x0126	0x00FD      	MOVWF      R13
L_main55:
0x0127	0x0BFD      	DECFSZ     R13, 1
0x0128	0x2927      	GOTO       L_main55
0x0129	0x0BFC      	DECFSZ     R12, 1
0x012A	0x2927      	GOTO       L_main55
0x012B	0x0000      	NOP
0x012C	0x0000      	NOP
;MyProject.c,77 :: 		for(i = 0; i < 125; i++){
0x012D	0x0AD6      	INCF       _i, 1
0x012E	0x1903      	BTFSC      STATUS, 2
0x012F	0x0AD7      	INCF       _i+1, 1
;MyProject.c,82 :: 		}
0x0130	0x290C      	GOTO       L_main50
L_main51:
;MyProject.c,71 :: 		for(; count >= 0; count--){
0x0131	0x3001      	MOVLW      1
0x0132	0x02CE      	SUBWF      _count, 1
0x0133	0x1C03      	BTFSS      STATUS, 0
0x0134	0x03CF      	DECF       _count+1, 1
;MyProject.c,83 :: 		}
0x0135	0x28C3      	GOTO       L_main39
L_main40:
;MyProject.c,84 :: 		if(push_count) break;
0x0136	0x0850      	MOVF       _push_count, 0
0x0137	0x0451      	IORWF      _push_count+1, 0
0x0138	0x1903      	BTFSC      STATUS, 2
0x0139	0x293B      	GOTO       L_main56
0x013A	0x2953      	GOTO       L_main27
L_main56:
;MyProject.c,85 :: 		if(state == 0) state = 1;
0x013B	0x3000      	MOVLW      0
0x013C	0x0653      	XORWF      _state+1, 0
0x013D	0x1D03      	BTFSS      STATUS, 2
0x013E	0x2941      	GOTO       L__main77
0x013F	0x3000      	MOVLW      0
0x0140	0x0652      	XORWF      _state, 0
L__main77:
0x0141	0x1D03      	BTFSS      STATUS, 2
0x0142	0x2948      	GOTO       L_main57
0x0143	0x3001      	MOVLW      1
0x0144	0x00D2      	MOVWF      _state
0x0145	0x3000      	MOVLW      0
0x0146	0x00D3      	MOVWF      _state+1
0x0147	0x2952      	GOTO       L_main58
L_main57:
;MyProject.c,86 :: 		else if(state == 1) state = 0;
0x0148	0x3000      	MOVLW      0
0x0149	0x0653      	XORWF      _state+1, 0
0x014A	0x1D03      	BTFSS      STATUS, 2
0x014B	0x294E      	GOTO       L__main78
0x014C	0x3001      	MOVLW      1
0x014D	0x0652      	XORWF      _state, 0
L__main78:
0x014E	0x1D03      	BTFSS      STATUS, 2
0x014F	0x2952      	GOTO       L_main59
0x0150	0x01D2      	CLRF       _state
0x0151	0x01D3      	CLRF       _state+1
L_main59:
L_main58:
;MyProject.c,87 :: 		}
0x0152	0x288F      	GOTO       L_main26
L_main27:
;MyProject.c,88 :: 		}
0x0153	0x2835      	GOTO       L_main4
;MyProject.c,89 :: 		}
L_end_main:
0x0154	0x2954      	GOTO       $+0
; end of _main
0x018E	0x3020      	MOVLW      32
0x018F	0x0084      	MOVWF      FSR
0x0190	0x3034      	MOVLW      52
0x0191	0x1283      	BCF        STATUS, 5
0x0192	0x1303      	BCF        STATUS, 6
0x0193	0x00F0      	MOVWF      R0
0x0194	0x305A      	MOVLW      90
0x0195	0x00D4      	MOVWF      ___DoICPAddr
0x0196	0x3001      	MOVLW      1
0x0197	0x00D5      	MOVWF      85
0x0198	0x200A      	CALL       10
0x0199	0x0008      	RETURN
;MyProject.c,0 :: ?ICS_count_arr
0x015A	0x3401 ;?ICS_count_arr+0
0x015B	0x3400 ;?ICS_count_arr+1
0x015C	0x3402 ;?ICS_count_arr+2
0x015D	0x3400 ;?ICS_count_arr+3
0x015E	0x3403 ;?ICS_count_arr+4
0x015F	0x3400 ;?ICS_count_arr+5
0x0160	0x3404 ;?ICS_count_arr+6
0x0161	0x3400 ;?ICS_count_arr+7
0x0162	0x3405 ;?ICS_count_arr+8
0x0163	0x3400 ;?ICS_count_arr+9
0x0164	0x3406 ;?ICS_count_arr+10
0x0165	0x3400 ;?ICS_count_arr+11
0x0166	0x3407 ;?ICS_count_arr+12
0x0167	0x3400 ;?ICS_count_arr+13
0x0168	0x3408 ;?ICS_count_arr+14
0x0169	0x3400 ;?ICS_count_arr+15
0x016A	0x3409 ;?ICS_count_arr+16
0x016B	0x3400 ;?ICS_count_arr+17
0x016C	0x3410 ;?ICS_count_arr+18
0x016D	0x3400 ;?ICS_count_arr+19
0x016E	0x3411 ;?ICS_count_arr+20
0x016F	0x3400 ;?ICS_count_arr+21
0x0170	0x3412 ;?ICS_count_arr+22
0x0171	0x3400 ;?ICS_count_arr+23
0x0172	0x3413 ;?ICS_count_arr+24
0x0173	0x3400 ;?ICS_count_arr+25
0x0174	0x3414 ;?ICS_count_arr+26
0x0175	0x3400 ;?ICS_count_arr+27
0x0176	0x3415 ;?ICS_count_arr+28
0x0177	0x3400 ;?ICS_count_arr+29
0x0178	0x3416 ;?ICS_count_arr+30
0x0179	0x3400 ;?ICS_count_arr+31
0x017A	0x3417 ;?ICS_count_arr+32
0x017B	0x3400 ;?ICS_count_arr+33
0x017C	0x3418 ;?ICS_count_arr+34
0x017D	0x3400 ;?ICS_count_arr+35
0x017E	0x3419 ;?ICS_count_arr+36
0x017F	0x3400 ;?ICS_count_arr+37
0x0180	0x3420 ;?ICS_count_arr+38
0x0181	0x3400 ;?ICS_count_arr+39
0x0182	0x3421 ;?ICS_count_arr+40
0x0183	0x3400 ;?ICS_count_arr+41
0x0184	0x3422 ;?ICS_count_arr+42
0x0185	0x3400 ;?ICS_count_arr+43
0x0186	0x3423 ;?ICS_count_arr+44
0x0187	0x3400 ;?ICS_count_arr+45
; end of ?ICS_count_arr
;MyProject.c,0 :: ?ICS_count
0x0188	0x3416 ;?ICS_count+0
0x0189	0x3400 ;?ICS_count+1
; end of ?ICS_count
;MyProject.c,0 :: ?ICS_push_count
0x018A	0x3400 ;?ICS_push_count+0
0x018B	0x3400 ;?ICS_push_count+1
; end of ?ICS_push_count
;MyProject.c,0 :: ?ICS_state
0x018C	0x3400 ;?ICS_state+0
0x018D	0x3400 ;?ICS_state+1
; end of ?ICS_state
Symbol List:
//** Routines locations **
//ADDRESS    SIZE    PROCEDURE
//----------------------------------------------
0x0003       [7]    _____DoICP
0x000A      [12]    ___CC2DW
0x0016      [12]    _getInput
0x0022     [306]    _main
//** Variables locations ** 
//ADDRESS    SIZE    VARIABLE
//----------------------------------------------
0x0000       [1]    INDF
0x0002       [1]    PCL
0x0003       [1]    STATUS
0x0004       [1]    FSR
0x0005       [1]    PORTA
0x0006       [1]    PORTB
0x0007       [1]    PORTC
0x0008       [1]    PORTD
0x000A       [1]    PCLATH
0x0020      [46]    _count_arr
0x004E       [2]    _count
0x0050       [2]    _push_count
0x0052       [2]    _state
0x0054       [2]    ___DoICPAddr
0x0056       [2]    _i
0x0058       [2]    _man_state
0x005A       [2]    FARG_getInput_count
0x0070       [1]    R0
0x0071       [1]    R1
0x0072       [1]    R2
0x0073       [1]    R3
0x0074       [1]    R4
0x0075       [1]    R5
0x0076       [1]    R6
0x0077       [1]    R7
0x0078       [1]    R8
0x0079       [1]    R9
0x007A       [1]    R10
0x007B       [1]    R11
0x007C       [1]    R12
0x007D       [1]    R13
0x007E       [1]    R14
0x007F       [1]    R15
0x0085       [1]    TRISA
0x0086       [1]    TRISB
0x0087       [1]    TRISC
0x0088       [1]    TRISD
0x009F       [1]    ADCON1
//** Constants locations ** 
//ADDRESS    SIZE    CONSTANT
//----------------------------------------------
0x015A      [46]    ?ICS_count_arr
0x0188       [2]    ?ICS_count
0x018A       [2]    ?ICS_push_count
0x018C       [2]    ?ICS_state
